<?xml version="1.0" encoding="UTF-8"?>
<!-- Generated by org.testng.reporters.JUnitReportReporter -->
<testsuite hostname="DESKTOP-BR99C0F" failures="0" tests="4" name="com.APIDemo.restAssuredRequests" time="15.797" errors="0" timestamp="2024-03-15T11:27:31 IST" skipped="0">
  <testcase classname="com.APIDemo.restAssuredRequests" name="createResource" time="5.241"/>
  <testcase classname="com.APIDemo.restAssuredRequests" name="updateResource" time="9.244"/>
  <testcase classname="com.APIDemo.restAssuredRequests" name="getResource" time="0.387"/>
  <testcase classname="com.APIDemo.restAssuredRequests" name="deleteResource" time="0.925"/>
</testsuite> <!-- com.APIDemo.restAssuredRequests -->
