<?xml version="1.0" encoding="UTF-8"?>
<!-- Generated by org.testng.reporters.JUnitReportReporter -->
<testsuite hostname="DESKTOP-BR99C0F" failures="0" tests="3" name="com.GherkinKeywords.ApiMethods" time="6.790" errors="0" timestamp="2024-03-15T11:27:31 IST" skipped="0">
  <testcase classname="com.GherkinKeywords.ApiMethods" name="putRequest" time="1.194"/>
  <testcase classname="com.GherkinKeywords.ApiMethods" name="getRequest" time="4.231"/>
  <testcase classname="com.GherkinKeywords.ApiMethods" name="postRequest" time="1.365"/>
</testsuite> <!-- com.GherkinKeywords.ApiMethods -->
